<?xml version="1.0" encoding="UTF-8"?>
<testsuite xmlns:xsi="http://www.w3.org/2001/XMLSchema-instance" xsi:noNamespaceSchemaLocation="https://maven.apache.org/surefire/maven-surefire-plugin/xsd/surefire-test-report.xsd" name="GetSpec" time="11.554" tests="2" errors="0" skipped="0" failures="0">
  <properties>
[...]
</properties>
  <testcase name="Validate Get Response Code" classname="test.GetSpec" time="6.617"/>
  <testcase name="Validate Post  Response Code" classname="test.GetSpec" time="4.914"/>
</testsuite>